[09:00:48] [ServerMain/INFO]: Environment: authHost='https://authserver.mojang.com', accountsHost='https://api.mojang.com', sessionHost='https://sessionserver.mojang.com', servicesHost='https://api.minecraftservices.com', name='PROD'
[09:00:49] [ServerMain/INFO]: Reloading ResourceManager: Default, bukkit
[09:00:50] [Worker-Main-3/INFO]: Loaded 7 recipes
[09:00:51] [Server thread/INFO]: Starting minecraft server version 1.18.1
[09:00:51] [Server thread/WARN]: ****************************
[09:00:51] [Server thread/WARN]: YOU ARE RUNNING THIS SERVER AS AN ADMINISTRATIVE OR ROOT USER. THIS IS NOT ADVISED.
[09:00:51] [Server thread/WARN]: YOU ARE OPENING YOURSELF UP TO POTENTIAL RISKS WHEN DOING THIS.
[09:00:51] [Server thread/WARN]: FOR MORE INFORMATION, SEE https://madelinemiller.dev/blog/root-minecraft-server/
[09:00:51] [Server thread/WARN]: ****************************
[09:00:51] [Server thread/INFO]: Loading properties
[09:00:51] [Server thread/INFO]: This server is running Paper version git-Paper-187 (MC: 1.18.1) (Implementing API version 1.18.1-R0.1-SNAPSHOT) (Git: 0cc2503)
[09:00:51] [Server thread/INFO]: Server Ping Player Sample Count: 12
[09:00:51] [Server thread/INFO]: Using 4 threads for Netty based IO
[09:00:52] [Server thread/INFO]: Default game type: SURVIVAL
[09:00:52] [Server thread/INFO]: Generating keypair
[09:00:52] [Server thread/INFO]: Starting Minecraft server on *:25565
[09:00:52] [Server thread/INFO]: Using epoll channel type
[09:00:52] [Server thread/INFO]: Paper: Using libdeflate (Linux x86_64) compression from Velocity.
[09:00:52] [Server thread/INFO]: Paper: Using OpenSSL 1.1.x (Linux x86_64) cipher from Velocity.
[09:00:52] [Server thread/INFO]: Server permissions file permissions.yml is empty, ignoring it
[09:00:52] [Server thread/INFO]: Preparing level "world"
[09:00:53] [Server thread/INFO]: Preparing start region for dimension minecraft:overworld
[09:00:53] [Server thread/INFO]: Time elapsed: 246 ms
[09:00:53] [Server thread/INFO]: Preparing start region for dimension minecraft:the_nether
[09:00:53] [Server thread/INFO]: Time elapsed: 109 ms
[09:00:53] [Server thread/INFO]: Preparing start region for dimension minecraft:the_end
[09:00:53] [Server thread/INFO]: Time elapsed: 134 ms
[09:00:53] [Server thread/INFO]: Running delayed init tasks
[09:00:53] [Server thread/INFO]: Done (2.012s)! For help, type "help"
[09:00:53] [Server thread/INFO]: Timings Reset
[09:30:08] [User Authenticator #1/INFO]: UUID of player RongeMonBambou is a761ee4a-3657-4092-afd8-6af60fa465b1
[09:30:08] [Server thread/INFO]: RongeMonBambou joined the game
[09:30:08] [Server thread/INFO]: RongeMonBambou[/172.19.0.1:39486] logged in with entity id 135 at ([world]-190.5, 76.0, -118.5)
[09:31:45] [Server thread/INFO]: RongeMonBambou lost connection: Disconnected
[09:31:45] [Server thread/INFO]: RongeMonBambou left the game
[09:37:12] [Server thread/INFO]: Stopping server
[09:37:12] [Server thread/INFO]: Saving players
[09:37:12] [Server thread/INFO]: Saving worlds
[09:37:12] [Server thread/INFO]: Saving chunks for level 'ServerLevel[world]'/minecraft:overworld
[09:37:12] [Server thread/INFO]: Saving chunks for level 'ServerLevel[world_nether]'/minecraft:the_nether
[09:37:12] [Server thread/INFO]: Saving chunks for level 'ServerLevel[world_the_end]'/minecraft:the_end
[09:37:12] [Server thread/INFO]: ThreadedAnvilChunkStorage (world): All chunks are saved
[09:37:12] [Server thread/INFO]: ThreadedAnvilChunkStorage (DIM-1): All chunks are saved
[09:37:12] [Server thread/INFO]: ThreadedAnvilChunkStorage (DIM1): All chunks are saved
[09:37:12] [Server thread/INFO]: ThreadedAnvilChunkStorage: All dimensions are saved
[09:37:14] [Server thread/INFO]: Flushing Chunk IO
[09:37:14] [Server thread/INFO]: Closing Thread Pool
[09:37:14] [Server thread/INFO]: Closing Server
